2019-08-27 16:20:11,167 INFO de.limago.zeiterfassung.services.mitarbeiter.test.MitarbeiterServiceImplTest [main] Starting MitarbeiterServiceImplTest on Sonne with PID 5740 (started by JoachimWagner in C:\Users\JoachimWagner\Documents\git\zeiterfassung.git\zeiterfassung)
2019-08-27 16:20:11,173 INFO de.limago.zeiterfassung.services.mitarbeiter.test.MitarbeiterServiceImplTest [main] The following profiles are active: production
2019-08-27 16:20:18,788 INFO de.limago.zeiterfassung.services.mitarbeiter.test.MitarbeiterServiceImplTest [main] Started MitarbeiterServiceImplTest in 7.995 seconds (JVM running for 8.961)
2019-08-27 16:20:20,744 WARN org.hibernate.engine.jdbc.spi.SqlExceptionHelper [main] SQL Error: 1292, SQLState: 22001
2019-08-27 16:20:20,746 ERROR org.hibernate.engine.jdbc.spi.SqlExceptionHelper [main] Data truncation: Incorrect date value: '169087565-03-15' for column `zeiterfassung`.`tblmitarbeiter`.`beginn_arbeitverhaeltnis` at row 1
2019-08-27 16:20:20,749 ERROR org.hibernate.internal.ExceptionMapperStandardImpl [main] HHH000346: Error during managed flush [org.hibernate.exception.DataException: could not execute statement]
2019-08-27 16:20:20,751 WARN com.tngtech.jgiven.impl.intercept.StepInterceptorImpl [main] The step method erfasse_neuen_Mitarbeiter of class WhenMitarbeiterAction does not follow the fluent interface convention of returning the receiver object. Please change the return type to the SELF type parameter.
2019-08-27 16:20:20,752 WARN com.tngtech.jgiven.impl.intercept.StepInterceptorImpl [main] The step method his_password_in_db_is_hashed of class ThenMitarbeiterOutcome does not follow the fluent interface convention of returning the receiver object. Please change the return type to the SELF type parameter.
2019-08-27 16:23:14,338 INFO de.limago.zeiterfassung.services.mitarbeiter.test.MitarbeiterServiceImplTest [main] Starting MitarbeiterServiceImplTest on Sonne with PID 14052 (started by JoachimWagner in C:\Users\JoachimWagner\Documents\git\zeiterfassung.git\zeiterfassung)
2019-08-27 16:23:14,338 INFO de.limago.zeiterfassung.services.mitarbeiter.test.MitarbeiterServiceImplTest [main] The following profiles are active: production
2019-08-27 16:23:22,105 INFO de.limago.zeiterfassung.services.mitarbeiter.test.MitarbeiterServiceImplTest [main] Started MitarbeiterServiceImplTest in 8.153 seconds (JVM running for 9.204)
2019-08-27 16:24:58,772 INFO de.limago.zeiterfassung.services.mitarbeiter.test.MitarbeiterServiceImplTest [main] Starting MitarbeiterServiceImplTest on Sonne with PID 6552 (started by JoachimWagner in C:\Users\JoachimWagner\Documents\git\zeiterfassung.git\zeiterfassung)
2019-08-27 16:24:58,772 INFO de.limago.zeiterfassung.services.mitarbeiter.test.MitarbeiterServiceImplTest [main] The following profiles are active: production
2019-08-27 16:25:06,488 INFO de.limago.zeiterfassung.services.mitarbeiter.test.MitarbeiterServiceImplTest [main] Started MitarbeiterServiceImplTest in 8.097 seconds (JVM running for 9.089)
2019-08-27 16:25:06,810 WARN com.tngtech.jgiven.impl.intercept.StepInterceptorImpl [main] The step method expected_errormessage_is_$ of class ThenMitarbeiterOutcome does not follow the fluent interface convention of returning the receiver object. Please change the return type to the SELF type parameter.
2019-08-27 16:31:47,507 INFO de.limago.zeiterfassung.services.mitarbeiter.test.MitarbeiterServiceImplTest [main] Starting MitarbeiterServiceImplTest on Sonne with PID 2408 (started by JoachimWagner in C:\Users\JoachimWagner\Documents\git\zeiterfassung.git\zeiterfassung)
2019-08-27 16:31:47,507 INFO de.limago.zeiterfassung.services.mitarbeiter.test.MitarbeiterServiceImplTest [main] The following profiles are active: production
2019-08-27 16:31:55,132 INFO de.limago.zeiterfassung.services.mitarbeiter.test.MitarbeiterServiceImplTest [main] Started MitarbeiterServiceImplTest in 7.998 seconds (JVM running for 8.99)
2019-08-27 16:32:08,679 INFO de.limago.zeiterfassung.services.mitarbeiter.test.MitarbeiterServiceImplTest [main] Starting MitarbeiterServiceImplTest on Sonne with PID 5168 (started by JoachimWagner in C:\Users\JoachimWagner\Documents\git\zeiterfassung.git\zeiterfassung)
2019-08-27 16:32:08,679 INFO de.limago.zeiterfassung.services.mitarbeiter.test.MitarbeiterServiceImplTest [main] The following profiles are active: production
2019-08-27 16:32:16,492 INFO de.limago.zeiterfassung.services.mitarbeiter.test.MitarbeiterServiceImplTest [main] Started MitarbeiterServiceImplTest in 8.193 seconds (JVM running for 9.217)
2019-08-27 16:32:16,887 WARN com.tngtech.jgiven.impl.intercept.StepInterceptorImpl [main] The step method expected_errormessage_is_$ of class ThenMitarbeiterOutcome does not follow the fluent interface convention of returning the receiver object. Please change the return type to the SELF type parameter.
2019-08-27 16:36:34,579 INFO de.limago.zeiterfassung.services.mitarbeiter.test.MitarbeiterServiceImplTest [main] Starting MitarbeiterServiceImplTest on Sonne with PID 11256 (started by JoachimWagner in C:\Users\JoachimWagner\Documents\git\zeiterfassung.git\zeiterfassung)
2019-08-27 16:36:34,580 INFO de.limago.zeiterfassung.services.mitarbeiter.test.MitarbeiterServiceImplTest [main] The following profiles are active: production
2019-08-27 16:36:41,903 INFO de.limago.zeiterfassung.services.mitarbeiter.test.MitarbeiterServiceImplTest [main] Started MitarbeiterServiceImplTest in 7.687 seconds (JVM running for 8.618)
2019-08-27 16:36:42,212 WARN com.tngtech.jgiven.impl.intercept.StepInterceptorImpl [main] The step method expected_errormessage_is_$ of class ThenMitarbeiterOutcome does not follow the fluent interface convention of returning the receiver object. Please change the return type to the SELF type parameter.
2019-08-27 18:39:57,268 INFO de.limago.zeiterfassung.services.mitarbeiter.test.MitarbeiterServiceImplTest [main] Starting MitarbeiterServiceImplTest on Sonne with PID 6684 (started by JoachimWagner in C:\Users\JoachimWagner\Documents\git\zeiterfassung.git\zeiterfassung)
2019-08-27 18:39:57,268 INFO de.limago.zeiterfassung.services.mitarbeiter.test.MitarbeiterServiceImplTest [main] The following profiles are active: production
2019-08-27 18:40:04,332 INFO de.limago.zeiterfassung.services.mitarbeiter.test.MitarbeiterServiceImplTest [main] Started MitarbeiterServiceImplTest in 7.458 seconds (JVM running for 8.416)
2019-08-27 18:40:04,647 WARN com.tngtech.jgiven.impl.intercept.StepInterceptorImpl [main] The step method expected_errormessage_is_$ of class ThenMitarbeiterOutcome does not follow the fluent interface convention of returning the receiver object. Please change the return type to the SELF type parameter.
2019-08-27 18:48:47,621 INFO de.limago.zeiterfassung.services.mitarbeiter.test.MitarbeiterServiceImplTest [main] Starting MitarbeiterServiceImplTest on Sonne with PID 12172 (started by JoachimWagner in C:\Users\JoachimWagner\Documents\git\zeiterfassung.git\zeiterfassung)
2019-08-27 18:48:47,622 INFO de.limago.zeiterfassung.services.mitarbeiter.test.MitarbeiterServiceImplTest [main] The following profiles are active: production
2019-08-27 18:48:54,620 INFO de.limago.zeiterfassung.services.mitarbeiter.test.MitarbeiterServiceImplTest [main] Started MitarbeiterServiceImplTest in 7.368 seconds (JVM running for 8.331)
2019-08-27 18:48:54,942 WARN com.tngtech.jgiven.impl.intercept.StepInterceptorImpl [main] The step method expected_errormessage_is_$ of class ThenMitarbeiterOutcome does not follow the fluent interface convention of returning the receiver object. Please change the return type to the SELF type parameter.
2019-08-27 18:53:06,687 INFO de.limago.zeiterfassung.services.mitarbeiter.test.MitarbeiterServiceImplTest [main] Starting MitarbeiterServiceImplTest on Sonne with PID 9864 (started by JoachimWagner in C:\Users\JoachimWagner\Documents\git\zeiterfassung.git\zeiterfassung)
2019-08-27 18:53:06,688 INFO de.limago.zeiterfassung.services.mitarbeiter.test.MitarbeiterServiceImplTest [main] The following profiles are active: production
2019-08-27 18:53:14,032 INFO de.limago.zeiterfassung.services.mitarbeiter.test.MitarbeiterServiceImplTest [main] Started MitarbeiterServiceImplTest in 7.712 seconds (JVM running for 8.673)
2019-08-27 18:53:14,326 WARN com.tngtech.jgiven.impl.intercept.StepInterceptorImpl [main] The step method expected_errormessage_is_$ of class ThenMitarbeiterOutcome does not follow the fluent interface convention of returning the receiver object. Please change the return type to the SELF type parameter.
