2019-08-30 15:15:17,602 INFO de.limago.zeiterfassung.ZeiterfassungApplication [restartedMain] Starting ZeiterfassungApplication on Sonne with PID 13996 (C:\Users\JoachimWagner\Documents\git\zeiterfassung.git\zeiterfassung\target\classes started by JoachimWagner in C:\Users\JoachimWagner\Documents\git\zeiterfassung.git\zeiterfassung)
2019-08-30 15:15:17,604 INFO de.limago.zeiterfassung.ZeiterfassungApplication [restartedMain] The following profiles are active: production
2019-08-30 15:15:22,072 WARN org.springframework.boot.web.servlet.context.AnnotationConfigServletWebServerApplicationContext [restartedMain] Exception encountered during context initialization - cancelling refresh attempt: org.springframework.beans.factory.BeanCreationException: Error creating bean with name 'entityManagerFactory' defined in class path resource [org/springframework/boot/autoconfigure/orm/jpa/HibernateJpaConfiguration.class]: Initialization of bean failed; nested exception is org.springframework.jdbc.datasource.init.ScriptStatementFailedException: Failed to execute SQL script statement #15 of URL [file:/C:/Users/JoachimWagner/Documents/git/zeiterfassung.git/zeiterfassung/target/classes/data-mysql.sql]: INSERT IGNORE INTO `zeiterfassung`.`tblmonteure_zeitmodelle` SET `beginn_gueltigkeit` = '2019-01-01', `mitarbeiter_username`='limago', `zeitmodell_id`='5c88d4c5-4c8a-45f6-85f0-170ff4112427' INSERT IGNORE INTO `zeiterfassung`.`tblmonteure_zeitmodelle` SET `beginn_gueltigkeit` = '2019-01-01', `mitarbeiter_username`='peter', `zeitmodell_id`='5c88d4c5-4c8a-45f6-85f0-170ff4112427' DELETE FROM tblmitarbeiterrollen WHERE username = 'limago'; nested exception is java.sql.SQLSyntaxErrorException: You have an error in your SQL syntax; check the manual that corresponds to your MariaDB server version for the right syntax to use near 'INSERT IGNORE INTO `zeiterfassung`.`tblmonteure_zeitmodelle` SET `beginn_gueltig' at line 1
2019-08-30 15:15:22,101 ERROR org.springframework.boot.SpringApplication [restartedMain] Application run failed
org.springframework.beans.factory.BeanCreationException: Error creating bean with name 'entityManagerFactory' defined in class path resource [org/springframework/boot/autoconfigure/orm/jpa/HibernateJpaConfiguration.class]: Initialization of bean failed; nested exception is org.springframework.jdbc.datasource.init.ScriptStatementFailedException: Failed to execute SQL script statement #15 of URL [file:/C:/Users/JoachimWagner/Documents/git/zeiterfassung.git/zeiterfassung/target/classes/data-mysql.sql]: INSERT IGNORE INTO `zeiterfassung`.`tblmonteure_zeitmodelle` SET `beginn_gueltigkeit` = '2019-01-01', `mitarbeiter_username`='limago', `zeitmodell_id`='5c88d4c5-4c8a-45f6-85f0-170ff4112427' INSERT IGNORE INTO `zeiterfassung`.`tblmonteure_zeitmodelle` SET `beginn_gueltigkeit` = '2019-01-01', `mitarbeiter_username`='peter', `zeitmodell_id`='5c88d4c5-4c8a-45f6-85f0-170ff4112427' DELETE FROM tblmitarbeiterrollen WHERE username = 'limago'; nested exception is java.sql.SQLSyntaxErrorException: You have an error in your SQL syntax; check the manual that corresponds to your MariaDB server version for the right syntax to use near 'INSERT IGNORE INTO `zeiterfassung`.`tblmonteure_zeitmodelle` SET `beginn_gueltig' at line 1
	at org.springframework.beans.factory.support.AbstractAutowireCapableBeanFactory.doCreateBean(AbstractAutowireCapableBeanFactory.java:601)
	at org.springframework.beans.factory.support.AbstractAutowireCapableBeanFactory.createBean(AbstractAutowireCapableBeanFactory.java:515)
	at org.springframework.beans.factory.support.AbstractBeanFactory.lambda$doGetBean$0(AbstractBeanFactory.java:320)
	at org.springframework.beans.factory.support.DefaultSingletonBeanRegistry.getSingleton(DefaultSingletonBeanRegistry.java:222)
	at org.springframework.beans.factory.support.AbstractBeanFactory.doGetBean(AbstractBeanFactory.java:318)
	at org.springframework.beans.factory.support.AbstractBeanFactory.getBean(AbstractBeanFactory.java:199)
	at org.springframework.context.support.AbstractApplicationContext.getBean(AbstractApplicationContext.java:1105)
	at org.springframework.context.support.AbstractApplicationContext.finishBeanFactoryInitialization(AbstractApplicationContext.java:867)
	at org.springframework.context.support.AbstractApplicationContext.refresh(AbstractApplicationContext.java:549)
	at org.springframework.boot.web.servlet.context.ServletWebServerApplicationContext.refresh(ServletWebServerApplicationContext.java:141)
	at org.springframework.boot.SpringApplication.refresh(SpringApplication.java:743)
	at org.springframework.boot.SpringApplication.refreshContext(SpringApplication.java:390)
	at org.springframework.boot.SpringApplication.run(SpringApplication.java:312)
	at org.springframework.boot.SpringApplication.run(SpringApplication.java:1214)
	at org.springframework.boot.SpringApplication.run(SpringApplication.java:1203)
	at de.limago.zeiterfassung.ZeiterfassungApplication.main(ZeiterfassungApplication.java:13)
	at sun.reflect.NativeMethodAccessorImpl.invoke0(Native Method)
	at sun.reflect.NativeMethodAccessorImpl.invoke(NativeMethodAccessorImpl.java:62)
	at sun.reflect.DelegatingMethodAccessorImpl.invoke(DelegatingMethodAccessorImpl.java:43)
	at java.lang.reflect.Method.invoke(Method.java:498)
	at org.springframework.boot.devtools.restart.RestartLauncher.run(RestartLauncher.java:49)
Caused by: org.springframework.jdbc.datasource.init.ScriptStatementFailedException: Failed to execute SQL script statement #15 of URL [file:/C:/Users/JoachimWagner/Documents/git/zeiterfassung.git/zeiterfassung/target/classes/data-mysql.sql]: INSERT IGNORE INTO `zeiterfassung`.`tblmonteure_zeitmodelle` SET `beginn_gueltigkeit` = '2019-01-01', `mitarbeiter_username`='limago', `zeitmodell_id`='5c88d4c5-4c8a-45f6-85f0-170ff4112427' INSERT IGNORE INTO `zeiterfassung`.`tblmonteure_zeitmodelle` SET `beginn_gueltigkeit` = '2019-01-01', `mitarbeiter_username`='peter', `zeitmodell_id`='5c88d4c5-4c8a-45f6-85f0-170ff4112427' DELETE FROM tblmitarbeiterrollen WHERE username = 'limago'; nested exception is java.sql.SQLSyntaxErrorException: You have an error in your SQL syntax; check the manual that corresponds to your MariaDB server version for the right syntax to use near 'INSERT IGNORE INTO `zeiterfassung`.`tblmonteure_zeitmodelle` SET `beginn_gueltig' at line 1
	at org.springframework.jdbc.datasource.init.ScriptUtils.executeSqlScript(ScriptUtils.java:509)
	at org.springframework.jdbc.datasource.init.ResourceDatabasePopulator.populate(ResourceDatabasePopulator.java:238)
	at org.springframework.jdbc.datasource.init.DatabasePopulatorUtils.execute(DatabasePopulatorUtils.java:48)
	at org.springframework.boot.autoconfigure.jdbc.DataSourceInitializer.runScripts(DataSourceInitializer.java:202)
	at org.springframework.boot.autoconfigure.jdbc.DataSourceInitializer.initSchema(DataSourceInitializer.java:119)
	at org.springframework.boot.autoconfigure.jdbc.DataSourceInitializerInvoker.onApplicationEvent(DataSourceInitializerInvoker.java:89)
	at org.springframework.boot.autoconfigure.jdbc.DataSourceInitializerInvoker.onApplicationEvent(DataSourceInitializerInvoker.java:37)
	at org.springframework.context.event.SimpleApplicationEventMulticaster.doInvokeListener(SimpleApplicationEventMulticaster.java:172)
	at org.springframework.context.event.SimpleApplicationEventMulticaster.invokeListener(SimpleApplicationEventMulticaster.java:165)
	at org.springframework.context.event.SimpleApplicationEventMulticaster.multicastEvent(SimpleApplicationEventMulticaster.java:139)
	at org.springframework.context.support.AbstractApplicationContext.publishEvent(AbstractApplicationContext.java:402)
	at org.springframework.context.support.AbstractApplicationContext.publishEvent(AbstractApplicationContext.java:359)
	at org.springframework.boot.autoconfigure.orm.jpa.DataSourceInitializedPublisher.publishEventIfRequired(DataSourceInitializedPublisher.java:94)
	at org.springframework.boot.autoconfigure.orm.jpa.DataSourceInitializedPublisher.postProcessAfterInitialization(DataSourceInitializedPublisher.java:85)
	at org.springframework.beans.factory.support.AbstractAutowireCapableBeanFactory.applyBeanPostProcessorsAfterInitialization(AbstractAutowireCapableBeanFactory.java:429)
	at org.springframework.beans.factory.support.AbstractAutowireCapableBeanFactory.initializeBean(AbstractAutowireCapableBeanFactory.java:1782)
	at org.springframework.beans.factory.support.AbstractAutowireCapableBeanFactory.doCreateBean(AbstractAutowireCapableBeanFactory.java:593)
	... 20 common frames omitted
Caused by: java.sql.SQLSyntaxErrorException: You have an error in your SQL syntax; check the manual that corresponds to your MariaDB server version for the right syntax to use near 'INSERT IGNORE INTO `zeiterfassung`.`tblmonteure_zeitmodelle` SET `beginn_gueltig' at line 1
	at com.mysql.cj.jdbc.exceptions.SQLError.createSQLException(SQLError.java:120)
	at com.mysql.cj.jdbc.exceptions.SQLError.createSQLException(SQLError.java:97)
	at com.mysql.cj.jdbc.exceptions.SQLExceptionsMapping.translateException(SQLExceptionsMapping.java:122)
	at com.mysql.cj.jdbc.StatementImpl.executeInternal(StatementImpl.java:764)
	at com.mysql.cj.jdbc.StatementImpl.execute(StatementImpl.java:648)
	at com.zaxxer.hikari.pool.ProxyStatement.execute(ProxyStatement.java:95)
	at com.zaxxer.hikari.pool.HikariProxyStatement.execute(HikariProxyStatement.java)
	at org.springframework.jdbc.datasource.init.ScriptUtils.executeSqlScript(ScriptUtils.java:488)
	... 36 common frames omitted
2019-08-30 15:16:26,973 INFO de.limago.zeiterfassung.ZeiterfassungApplication [restartedMain] Starting ZeiterfassungApplication on Sonne with PID 18352 (C:\Users\JoachimWagner\Documents\git\zeiterfassung.git\zeiterfassung\target\classes started by JoachimWagner in C:\Users\JoachimWagner\Documents\git\zeiterfassung.git\zeiterfassung)
2019-08-30 15:16:26,975 INFO de.limago.zeiterfassung.ZeiterfassungApplication [restartedMain] The following profiles are active: production
2019-08-30 15:16:33,897 INFO de.limago.zeiterfassung.ZeiterfassungApplication [restartedMain] Started ZeiterfassungApplication in 7.353 seconds (JVM running for 7.868)
